c:\users\mert2\desktop\xlabs\cpp\vulkankata\vulkankata\x64\debug\vc142.pdb
c:\users\mert2\desktop\xlabs\cpp\vulkankata\vulkankata\x64\debug\vc142.idb
c:\users\mert2\desktop\xlabs\cpp\vulkankata\vulkankata\x64\debug\vulkankata.obj
c:\users\mert2\desktop\xlabs\cpp\vulkankata\vulkankata\x64\debug\lavarenderer.obj
c:\users\mert2\desktop\xlabs\cpp\vulkankata\vulkankata\x64\debug\application.obj
c:\users\mert2\desktop\xlabs\cpp\vulkankata\vulkankata\shaders\shader.spv
c:\users\mert2\desktop\xlabs\cpp\vulkankata\vulkankata\shaders\triangle.frag.spv
c:\users\mert2\desktop\xlabs\cpp\vulkankata\vulkankata\shaders\triangle.vert.spv
c:\users\mert2\desktop\xlabs\cpp\vulkankata\bin\debug\vulkankata.ilk
c:\users\mert2\desktop\xlabs\cpp\vulkankata\bin\debug\vulkankata.exe
c:\users\mert2\desktop\xlabs\cpp\vulkankata\bin\debug\vulkankata.pdb
c:\users\mert2\desktop\xlabs\cpp\vulkankata\vulkankata\x64\debug\vulkankata.tlog\cl.command.1.tlog
c:\users\mert2\desktop\xlabs\cpp\vulkankata\vulkankata\x64\debug\vulkankata.tlog\cl.read.1.tlog
c:\users\mert2\desktop\xlabs\cpp\vulkankata\vulkankata\x64\debug\vulkankata.tlog\cl.write.1.tlog
c:\users\mert2\desktop\xlabs\cpp\vulkankata\vulkankata\x64\debug\vulkankata.tlog\custombuild.command.1.tlog
c:\users\mert2\desktop\xlabs\cpp\vulkankata\vulkankata\x64\debug\vulkankata.tlog\custombuild.read.1.tlog
c:\users\mert2\desktop\xlabs\cpp\vulkankata\vulkankata\x64\debug\vulkankata.tlog\custombuild.write.1.tlog
c:\users\mert2\desktop\xlabs\cpp\vulkankata\vulkankata\x64\debug\vulkankata.tlog\link.command.1.tlog
c:\users\mert2\desktop\xlabs\cpp\vulkankata\vulkankata\x64\debug\vulkankata.tlog\link.read.1.tlog
c:\users\mert2\desktop\xlabs\cpp\vulkankata\vulkankata\x64\debug\vulkankata.tlog\link.write.1.tlog
